[23:38:14] [ServerMain/INFO]: Environment: Environment[sessionHost=https://sessionserver.mojang.com, servicesHost=https://api.minecraftservices.com, name=PROD]
[23:38:14] [ServerMain/WARN]: Missing data pack paper
[23:38:16] [ServerMain/INFO]: Loaded 1290 recipes
[23:38:16] [ServerMain/INFO]: Loaded 1399 advancements
[23:38:16] [Server thread/INFO]: Starting minecraft server version 1.21
[23:38:16] [Server thread/INFO]: Loading properties
[23:38:16] [Server thread/INFO]: Default game type: SURVIVAL
[23:38:16] [Server thread/INFO]: Generating keypair
[23:38:16] [Server thread/INFO]: Starting Minecraft server on *:25565
[23:38:17] [Server thread/INFO]: Using epoll channel type
[23:38:17] [Server thread/INFO]: Preparing level "world"
[23:38:19] [Server thread/INFO]: Preparing start region for dimension minecraft:overworld
[23:38:19] [Worker-Main-2/INFO]: Preparing spawn area: 0%
[23:38:20] [Worker-Main-3/INFO]: Preparing spawn area: 51%
[23:38:20] [Server thread/INFO]: Time elapsed: 550 ms
[23:38:20] [Server thread/INFO]: Done (2.943s)! For help, type "help"
[23:38:29] [User Authenticator #1/INFO]: UUID of player Hasbullita is 2bb60544-0a27-4553-9bfe-4be2898d614e
[23:38:32] [Server thread/INFO]: Hasbullita[/127.93.101.9:49945] logged in with entity id 94 at (0.8333897240256908, 80.8625367947554, 0.34277289780904263)
[23:38:32] [Server thread/INFO]: Hasbullita joined the game
[23:38:53] [Server thread/INFO]: Hasbullita lost connection: Disconnected
[23:38:53] [Server thread/INFO]: Hasbullita left the game
[23:39:02] [Server thread/INFO]: Stopping the server
[23:39:02] [Server thread/INFO]: Stopping server
[23:39:02] [Server thread/INFO]: Saving players
[23:39:02] [Server thread/INFO]: Saving worlds
[23:39:02] [Server thread/INFO]: Saving chunks for level 'ServerLevel[world]'/minecraft:overworld
[23:39:03] [Server thread/INFO]: Saving chunks for level 'ServerLevel[world]'/minecraft:the_end
[23:39:03] [Server thread/INFO]: Saving chunks for level 'ServerLevel[world]'/minecraft:the_nether
[23:39:03] [Server thread/INFO]: ThreadedAnvilChunkStorage (world): All chunks are saved
[23:39:03] [Server thread/INFO]: ThreadedAnvilChunkStorage (DIM1): All chunks are saved
[23:39:03] [Server thread/INFO]: ThreadedAnvilChunkStorage (DIM-1): All chunks are saved
[23:39:03] [Server thread/INFO]: ThreadedAnvilChunkStorage: All dimensions are saved
